INFO: [VRFC 10-163] Analyzing VHDL file "/home/ouahi/Syst_Info/Syst_Info.srcs/sources_1/new/alu.vhd" into library xil_defaultlib
INFO: [VRFC 10-307] analyzing entity alu
INFO: [VRFC 10-163] Analyzing VHDL file "/home/ouahi/Syst_Info/Syst_Info.srcs/sources_1/new/alu.vhd" into library xil_defaultlib
INFO: [VRFC 10-307] analyzing entity alu
INFO: [VRFC 10-163] Analyzing VHDL file "/home/ouahi/Syst_Info/Syst_Info.srcs/sources_1/new/alu.vhd" into library xil_defaultlib
INFO: [VRFC 10-307] analyzing entity alu
INFO: [VRFC 10-163] Analyzing VHDL file "/home/ouahi/Syst_Info/Syst_Info.srcs/sources_1/new/alu.vhd" into library xil_defaultlib
INFO: [VRFC 10-307] analyzing entity alu
INFO: [VRFC 10-163] Analyzing VHDL file "/home/ouahi/Syst_Info/Syst_Info.srcs/sources_1/new/alu.vhd" into library xil_defaultlib
INFO: [VRFC 10-307] analyzing entity alu
INFO: [VRFC 10-163] Analyzing VHDL file "/home/ouahi/Syst_Info/Syst_Info.srcs/sources_1/new/alu.vhd" into library xil_defaultlib
INFO: [VRFC 10-307] analyzing entity alu
INFO: [VRFC 10-163] Analyzing VHDL file "/home/ouahi/Syst_Info/Syst_Info.srcs/sources_1/new/alu.vhd" into library xil_defaultlib
INFO: [VRFC 10-307] analyzing entity alu
INFO: [VRFC 10-163] Analyzing VHDL file "/home/ouahi/Syst_Info/Syst_Info.srcs/sources_1/new/alu.vhd" into library xil_defaultlib
INFO: [VRFC 10-307] analyzing entity alu
INFO: [VRFC 10-163] Analyzing VHDL file "/home/ouahi/Syst_Info/Syst_Info.srcs/sim_1/new/alutest.vhd" into library xil_defaultlib
INFO: [VRFC 10-307] analyzing entity alutest
INFO: [VRFC 10-163] Analyzing VHDL file "/home/ouahi/Syst_Info/Syst_Info.srcs/sim_1/new/alutest.vhd" into library xil_defaultlib
INFO: [VRFC 10-307] analyzing entity alutest
INFO: [VRFC 10-163] Analyzing VHDL file "/home/ouahi/Syst_Info/Syst_Info.srcs/sim_1/new/alutest.vhd" into library xil_defaultlib
INFO: [VRFC 10-307] analyzing entity alutest
INFO: [VRFC 10-163] Analyzing VHDL file "/home/ouahi/Syst_Info/Syst_Info.srcs/sim_1/new/alutest.vhd" into library xil_defaultlib
INFO: [VRFC 10-307] analyzing entity alutest
INFO: [VRFC 10-163] Analyzing VHDL file "/home/ouahi/Syst_Info/Syst_Info.srcs/sources_1/new/alu.vhd" into library xil_defaultlib
INFO: [VRFC 10-307] analyzing entity alu
INFO: [VRFC 10-163] Analyzing VHDL file "/home/ouahi/Syst_Info/Syst_Info.srcs/sim_1/new/alutest.vhd" into library xil_defaultlib
INFO: [VRFC 10-307] analyzing entity alutest
INFO: [VRFC 10-163] Analyzing VHDL file "/home/ouahi/Syst_Info/Syst_Info.srcs/sim_1/new/alutest.vhd" into library xil_defaultlib
INFO: [VRFC 10-307] analyzing entity alutest
INFO: [VRFC 10-163] Analyzing VHDL file "/home/ouahi/Syst_Info/Syst_Info.srcs/sources_1/new/alu.vhd" into library xil_defaultlib
INFO: [VRFC 10-307] analyzing entity alu
INFO: [VRFC 10-163] Analyzing VHDL file "/home/ouahi/Syst_Info/Syst_Info.srcs/sim_1/new/alutest.vhd" into library xil_defaultlib
INFO: [VRFC 10-307] analyzing entity alutest
INFO: [VRFC 10-163] Analyzing VHDL file "/home/ouahi/Syst_Info/Syst_Info.srcs/sim_1/new/alutest.vhd" into library xil_defaultlib
INFO: [VRFC 10-307] analyzing entity alutest
INFO: [VRFC 10-163] Analyzing VHDL file "/home/ouahi/Syst_Info/Syst_Info.srcs/sim_1/new/alutest.vhd" into library xil_defaultlib
INFO: [VRFC 10-307] analyzing entity alutest
INFO: [VRFC 10-163] Analyzing VHDL file "/home/ouahi/Syst_Info/Syst_Info.srcs/sim_1/new/alutest.vhd" into library xil_defaultlib
INFO: [VRFC 10-307] analyzing entity alutest
INFO: [VRFC 10-163] Analyzing VHDL file "/home/ouahi/Syst_Info/Syst_Info.srcs/sources_1/new/alu.vhd" into library xil_defaultlib
INFO: [VRFC 10-307] analyzing entity alu
INFO: [VRFC 10-163] Analyzing VHDL file "/home/ouahi/Syst_Info/Syst_Info.srcs/sources_1/new/alu.vhd" into library xil_defaultlib
INFO: [VRFC 10-307] analyzing entity alu
INFO: [VRFC 10-163] Analyzing VHDL file "/home/ouahi/Syst_Info/Syst_Info.srcs/sources_1/new/alu.vhd" into library xil_defaultlib
INFO: [VRFC 10-307] analyzing entity alu
INFO: [VRFC 10-163] Analyzing VHDL file "/home/ouahi/Syst_Info/Syst_Info.srcs/sources_1/new/alu.vhd" into library xil_defaultlib
INFO: [VRFC 10-307] analyzing entity alu
INFO: [VRFC 10-163] Analyzing VHDL file "/home/ouahi/Syst_Info/Syst_Info.srcs/sources_1/new/alu.vhd" into library xil_defaultlib
INFO: [VRFC 10-307] analyzing entity alu
INFO: [VRFC 10-163] Analyzing VHDL file "/home/ouahi/Syst_Info/Syst_Info.srcs/sim_1/new/alutest.vhd" into library xil_defaultlib
INFO: [VRFC 10-307] analyzing entity alutest
INFO: [VRFC 10-163] Analyzing VHDL file "/home/ouahi/Syst_Info/Syst_Info.srcs/sources_1/new/alu.vhd" into library xil_defaultlib
INFO: [VRFC 10-307] analyzing entity alu
INFO: [VRFC 10-163] Analyzing VHDL file "/home/ouahi/Syst_Info/Syst_Info.srcs/sources_1/new/alu.vhd" into library xil_defaultlib
INFO: [VRFC 10-307] analyzing entity alu
INFO: [VRFC 10-163] Analyzing VHDL file "/home/ouahi/Syst_Info/Syst_Info.srcs/sources_1/new/alu.vhd" into library xil_defaultlib
INFO: [VRFC 10-307] analyzing entity alu
INFO: [VRFC 10-163] Analyzing VHDL file "/home/ouahi/Syst_Info/Syst_Info.srcs/sources_1/new/alu.vhd" into library xil_defaultlib
INFO: [VRFC 10-307] analyzing entity alu
INFO: [VRFC 10-163] Analyzing VHDL file "/home/ouahi/Syst_Info/Syst_Info.srcs/sources_1/new/alu.vhd" into library xil_defaultlib
INFO: [VRFC 10-307] analyzing entity alu
INFO: [VRFC 10-163] Analyzing VHDL file "/home/ouahi/Syst_Info/Syst_Info.srcs/sim_1/new/alutest.vhd" into library xil_defaultlib
INFO: [VRFC 10-307] analyzing entity alutest
INFO: [VRFC 10-163] Analyzing VHDL file "/home/ouahi/Syst_Info/Syst_Info.srcs/sources_1/new/alu.vhd" into library xil_defaultlib
INFO: [VRFC 10-307] analyzing entity alu
INFO: [VRFC 10-163] Analyzing VHDL file "/home/ouahi/Syst_Info/Syst_Info.srcs/sources_1/new/alu.vhd" into library xil_defaultlib
INFO: [VRFC 10-307] analyzing entity alu
INFO: [VRFC 10-163] Analyzing VHDL file "/home/ouahi/Syst_Info/Syst_Info.srcs/sim_1/new/alutest.vhd" into library xil_defaultlib
INFO: [VRFC 10-307] analyzing entity alutest
INFO: [VRFC 10-163] Analyzing VHDL file "/home/ouahi/Syst_Info/Syst_Info.srcs/sim_1/new/alutest.vhd" into library xil_defaultlib
INFO: [VRFC 10-307] analyzing entity alutest
INFO: [VRFC 10-163] Analyzing VHDL file "/home/ouahi/Syst_Info/Syst_Info.srcs/sources_1/new/alu.vhd" into library xil_defaultlib
INFO: [VRFC 10-307] analyzing entity alu
INFO: [VRFC 10-163] Analyzing VHDL file "/home/ouahi/Syst_Info/Syst_Info.srcs/sources_1/new/alu.vhd" into library xil_defaultlib
INFO: [VRFC 10-307] analyzing entity alu
INFO: [VRFC 10-163] Analyzing VHDL file "/home/ouahi/Syst_Info/Syst_Info.srcs/sources_1/new/alu.vhd" into library xil_defaultlib
INFO: [VRFC 10-307] analyzing entity alu
INFO: [VRFC 10-163] Analyzing VHDL file "/home/ouahi/Syst_Info/Syst_Info.srcs/sources_1/new/alu.vhd" into library xil_defaultlib
INFO: [VRFC 10-307] analyzing entity alu
INFO: [VRFC 10-163] Analyzing VHDL file "/home/ouahi/Syst_Info/Syst_Info.srcs/sources_1/new/alu.vhd" into library xil_defaultlib
INFO: [VRFC 10-307] analyzing entity alu
INFO: [VRFC 10-163] Analyzing VHDL file "/home/ouahi/Syst_Info/Syst_Info.srcs/sources_1/new/alu.vhd" into library xil_defaultlib
INFO: [VRFC 10-307] analyzing entity alu
INFO: [VRFC 10-163] Analyzing VHDL file "/home/ouahi/Syst_Info/Syst_Info.srcs/sources_1/new/alu.vhd" into library xil_defaultlib
INFO: [VRFC 10-307] analyzing entity alu
INFO: [VRFC 10-163] Analyzing VHDL file "/home/ouahi/Syst_Info/Syst_Info.srcs/sources_1/new/alu.vhd" into library xil_defaultlib
INFO: [VRFC 10-307] analyzing entity alu
INFO: [VRFC 10-163] Analyzing VHDL file "/home/ouahi/Syst_Info/Syst_Info.srcs/sources_1/new/alu.vhd" into library xil_defaultlib
INFO: [VRFC 10-307] analyzing entity alu
INFO: [VRFC 10-163] Analyzing VHDL file "/home/ouahi/Syst_Info/Syst_Info.srcs/sources_1/new/alu.vhd" into library xil_defaultlib
INFO: [VRFC 10-307] analyzing entity alu
INFO: [VRFC 10-163] Analyzing VHDL file "/home/ouahi/Syst_Info/Syst_Info.srcs/sources_1/new/alu.vhd" into library xil_defaultlib
INFO: [VRFC 10-307] analyzing entity alu
INFO: [VRFC 10-163] Analyzing VHDL file "/home/ouahi/Syst_Info/Syst_Info.srcs/sim_1/new/alutest.vhd" into library xil_defaultlib
INFO: [VRFC 10-307] analyzing entity alutest
INFO: [VRFC 10-163] Analyzing VHDL file "/home/ouahi/Syst_Info/Syst_Info.srcs/sources_1/new/alu.vhd" into library xil_defaultlib
INFO: [VRFC 10-307] analyzing entity alu
INFO: [VRFC 10-163] Analyzing VHDL file "/home/ouahi/Syst_Info/Syst_Info.srcs/sim_1/new/alutest.vhd" into library xil_defaultlib
INFO: [VRFC 10-307] analyzing entity alutest
INFO: [VRFC 10-163] Analyzing VHDL file "/home/ouahi/Syst_Info/Syst_Info.srcs/sources_1/new/BR.vhd" into library xil_defaultlib
INFO: [VRFC 10-307] analyzing entity BR
INFO: [VRFC 10-163] Analyzing VHDL file "/home/ouahi/Syst_Info/Syst_Info.srcs/sim_1/new/BRtest.vhd" into library xil_defaultlib
INFO: [VRFC 10-307] analyzing entity BRtest
INFO: [VRFC 10-163] Analyzing VHDL file "/home/ouahi/Syst_Info/Syst_Info.srcs/sim_1/new/BRtest.vhd" into library xil_defaultlib
INFO: [VRFC 10-307] analyzing entity BRtest
INFO: [VRFC 10-163] Analyzing VHDL file "/home/ouahi/Syst_Info/Syst_Info.srcs/sim_1/new/BRtest.vhd" into library xil_defaultlib
INFO: [VRFC 10-307] analyzing entity BRtest
INFO: [VRFC 10-163] Analyzing VHDL file "/home/ouahi/Syst_Info/Syst_Info.srcs/sim_1/new/BRtest.vhd" into library xil_defaultlib
INFO: [VRFC 10-307] analyzing entity BRtest
INFO: [VRFC 10-163] Analyzing VHDL file "/home/ouahi/Syst_Info/Syst_Info.srcs/sim_1/new/BRtest.vhd" into library xil_defaultlib
INFO: [VRFC 10-307] analyzing entity BRtest
INFO: [VRFC 10-163] Analyzing VHDL file "/home/ouahi/Syst_Info/Syst_Info.srcs/sim_1/new/BRtest.vhd" into library xil_defaultlib
INFO: [VRFC 10-307] analyzing entity BRtest
ERROR: [VRFC 10-91] s is not declared [/home/ouahi/Syst_Info/Syst_Info.srcs/sim_1/new/BRtest.vhd:66]
ERROR: [VRFC 10-1504] unit behavioral ignored due to previous errors [/home/ouahi/Syst_Info/Syst_Info.srcs/sim_1/new/BRtest.vhd:37]
INFO: [VRFC 10-240] VHDL file /home/ouahi/Syst_Info/Syst_Info.srcs/sim_1/new/BRtest.vhd ignored due to errors
INFO: [VRFC 10-163] Analyzing VHDL file "/home/ouahi/Syst_Info/Syst_Info.srcs/sim_1/new/BRtest.vhd" into library xil_defaultlib
INFO: [VRFC 10-307] analyzing entity BRtest
INFO: [VRFC 10-163] Analyzing VHDL file "/home/ouahi/Syst_Info/Syst_Info.srcs/sim_1/new/BRtest.vhd" into library xil_defaultlib
INFO: [VRFC 10-307] analyzing entity BRtest
INFO: [VRFC 10-163] Analyzing VHDL file "/home/ouahi/Syst_Info/Syst_Info.srcs/sim_1/new/BRtest.vhd" into library xil_defaultlib
INFO: [VRFC 10-307] analyzing entity BRtest
INFO: [VRFC 10-163] Analyzing VHDL file "/home/ouahi/Syst_Info/Syst_Info.srcs/sim_1/new/BRtest.vhd" into library xil_defaultlib
INFO: [VRFC 10-307] analyzing entity BRtest
INFO: [VRFC 10-163] Analyzing VHDL file "/home/ouahi/Syst_Info/Syst_Info.srcs/sim_1/new/BRtest.vhd" into library xil_defaultlib
INFO: [VRFC 10-307] analyzing entity BRtest
INFO: [VRFC 10-163] Analyzing VHDL file "/home/ouahi/Syst_Info/Syst_Info.srcs/sim_1/new/BRtest.vhd" into library xil_defaultlib
INFO: [VRFC 10-307] analyzing entity BRtest
INFO: [VRFC 10-163] Analyzing VHDL file "/home/ouahi/Syst_Info/Syst_Info.srcs/sim_1/new/BRtest.vhd" into library xil_defaultlib
INFO: [VRFC 10-307] analyzing entity BRtest
INFO: [VRFC 10-163] Analyzing VHDL file "/home/ouahi/Syst_Info/Syst_Info.srcs/sim_1/new/BRtest.vhd" into library xil_defaultlib
INFO: [VRFC 10-307] analyzing entity BRtest
INFO: [VRFC 10-163] Analyzing VHDL file "/home/ouahi/Syst_Info/Syst_Info.srcs/sim_1/new/BRtest.vhd" into library xil_defaultlib
INFO: [VRFC 10-307] analyzing entity BRtest
INFO: [VRFC 10-163] Analyzing VHDL file "/home/ouahi/Syst_Info/Syst_Info.srcs/sources_1/new/BR.vhd" into library xil_defaultlib
INFO: [VRFC 10-307] analyzing entity BR
INFO: [VRFC 10-163] Analyzing VHDL file "/home/ouahi/Syst_Info/Syst_Info.srcs/sources_1/new/BR.vhd" into library xil_defaultlib
INFO: [VRFC 10-307] analyzing entity BR
INFO: [VRFC 10-163] Analyzing VHDL file "/home/ouahi/Syst_Info/Syst_Info.srcs/sim_1/new/BRtest.vhd" into library xil_defaultlib
INFO: [VRFC 10-307] analyzing entity BRtest
INFO: [VRFC 10-163] Analyzing VHDL file "/home/ouahi/Syst_Info/Syst_Info.srcs/sources_1/new/BR.vhd" into library xil_defaultlib
INFO: [VRFC 10-307] analyzing entity BR
INFO: [VRFC 10-163] Analyzing VHDL file "/home/ouahi/Syst_Info/Syst_Info.srcs/sources_1/new/BM_D.vhd" into library xil_defaultlib
INFO: [VRFC 10-307] analyzing entity BM_D
INFO: [VRFC 10-163] Analyzing VHDL file "/home/ouahi/Syst_Info/Syst_Info.srcs/sources_1/new/BM_I.vhd" into library xil_defaultlib
INFO: [VRFC 10-307] analyzing entity BM_I
INFO: [VRFC 10-163] Analyzing VHDL file "/home/ouahi/Syst_Info/Syst_Info.srcs/sources_1/new/Processeur.vhd" into library xil_defaultlib
INFO: [VRFC 10-307] analyzing entity Processeur
INFO: [VRFC 10-163] Analyzing VHDL file "/home/ouahi/Syst_Info/Syst_Info.srcs/sources_1/new/Processeur.vhd" into library xil_defaultlib
INFO: [VRFC 10-307] analyzing entity Processeur
INFO: [VRFC 10-163] Analyzing VHDL file "/home/ouahi/Syst_Info/Syst_Info.srcs/sources_1/new/Processeur.vhd" into library xil_defaultlib
INFO: [VRFC 10-307] analyzing entity Processeur
INFO: [VRFC 10-163] Analyzing VHDL file "/home/ouahi/Syst_Info/Syst_Info.srcs/sources_1/new/Processeur.vhd" into library xil_defaultlib
INFO: [VRFC 10-307] analyzing entity Processeur
INFO: [VRFC 10-163] Analyzing VHDL file "/home/ouahi/Syst_Info/Syst_Info.srcs/sources_1/new/Processeur.vhd" into library xil_defaultlib
INFO: [VRFC 10-307] analyzing entity Processeur
INFO: [VRFC 10-163] Analyzing VHDL file "/home/ouahi/Syst_Info/Syst_Info.srcs/sources_1/new/Processeur.vhd" into library xil_defaultlib
INFO: [VRFC 10-307] analyzing entity Processeur
INFO: [VRFC 10-163] Analyzing VHDL file "/home/ouahi/Syst_Info/Syst_Info.srcs/sources_1/new/Processeur.vhd" into library xil_defaultlib
INFO: [VRFC 10-307] analyzing entity Processeur
INFO: [VRFC 10-163] Analyzing VHDL file "/home/ouahi/Syst_Info/Syst_Info.srcs/sources_1/new/Processeur.vhd" into library xil_defaultlib
INFO: [VRFC 10-307] analyzing entity Processeur
INFO: [VRFC 10-163] Analyzing VHDL file "/home/ouahi/Syst_Info/Syst_Info.srcs/sources_1/new/Processeur.vhd" into library xil_defaultlib
INFO: [VRFC 10-307] analyzing entity Processeur
INFO: [VRFC 10-163] Analyzing VHDL file "/home/ouahi/Syst_Info/Syst_Info.srcs/sources_1/new/Processeur.vhd" into library xil_defaultlib
INFO: [VRFC 10-307] analyzing entity Processeur
INFO: [VRFC 10-163] Analyzing VHDL file "/home/ouahi/Syst_Info/Syst_Info.srcs/sources_1/new/Processeur.vhd" into library xil_defaultlib
INFO: [VRFC 10-307] analyzing entity Processeur
INFO: [VRFC 10-163] Analyzing VHDL file "/home/ouahi/Syst_Info/Syst_Info.srcs/sources_1/new/Processeur.vhd" into library xil_defaultlib
INFO: [VRFC 10-307] analyzing entity Processeur
INFO: [VRFC 10-163] Analyzing VHDL file "/home/ouahi/Syst_Info/Syst_Info.srcs/sources_1/new/Processeur.vhd" into library xil_defaultlib
INFO: [VRFC 10-307] analyzing entity Processeur
INFO: [VRFC 10-163] Analyzing VHDL file "/home/ouahi/Syst_Info/Syst_Info.srcs/sources_1/new/Processeur.vhd" into library xil_defaultlib
INFO: [VRFC 10-307] analyzing entity Processeur
INFO: [VRFC 10-163] Analyzing VHDL file "/home/ouahi/Syst_Info/Syst_Info.srcs/sim_1/new/BM_D_test.vhd" into library xil_defaultlib
INFO: [VRFC 10-307] analyzing entity BM_D_test
INFO: [VRFC 10-163] Analyzing VHDL file "/home/ouahi/Syst_Info/Syst_Info.srcs/sources_1/new/Processeur.vhd" into library xil_defaultlib
INFO: [VRFC 10-307] analyzing entity Processeur
INFO: [VRFC 10-163] Analyzing VHDL file "/home/ouahi/Syst_Info/Syst_Info.srcs/sources_1/new/Processeur.vhd" into library xil_defaultlib
INFO: [VRFC 10-307] analyzing entity Processeur
INFO: [VRFC 10-163] Analyzing VHDL file "/home/ouahi/Syst_Info/Syst_Info.srcs/sources_1/new/Processeur.vhd" into library xil_defaultlib
INFO: [VRFC 10-307] analyzing entity Processeur
INFO: [VRFC 10-163] Analyzing VHDL file "/home/ouahi/Syst_Info/Syst_Info.srcs/sources_1/new/Processeur.vhd" into library xil_defaultlib
INFO: [VRFC 10-307] analyzing entity Processeur
INFO: [VRFC 10-163] Analyzing VHDL file "/home/ouahi/Syst_Info/Syst_Info.srcs/sources_1/new/Processeur.vhd" into library xil_defaultlib
INFO: [VRFC 10-307] analyzing entity Processeur
INFO: [VRFC 10-163] Analyzing VHDL file "/home/ouahi/Syst_Info/Syst_Info.srcs/sources_1/new/Processeur.vhd" into library xil_defaultlib
INFO: [VRFC 10-307] analyzing entity Processeur
INFO: [VRFC 10-163] Analyzing VHDL file "/home/ouahi/Syst_Info/Syst_Info.srcs/sim_1/new/BM_I_test.vhd" into library xil_defaultlib
INFO: [VRFC 10-307] analyzing entity BM_I_test
INFO: [VRFC 10-163] Analyzing VHDL file "/home/ouahi/Syst_Info/Syst_Info.srcs/sources_1/new/BM_I.vhd" into library xil_defaultlib
INFO: [VRFC 10-307] analyzing entity BM_I
INFO: [VRFC 10-163] Analyzing VHDL file "/home/ouahi/Syst_Info/Syst_Info.srcs/sources_1/new/BM_I.vhd" into library xil_defaultlib
INFO: [VRFC 10-307] analyzing entity BM_I
INFO: [VRFC 10-163] Analyzing VHDL file "/home/ouahi/Syst_Info/Syst_Info.srcs/sim_1/new/BM_I_test.vhd" into library xil_defaultlib
INFO: [VRFC 10-307] analyzing entity BM_I_test
INFO: [VRFC 10-163] Analyzing VHDL file "/home/ouahi/Syst_Info/Syst_Info.srcs/sources_1/new/BM_I.vhd" into library xil_defaultlib
INFO: [VRFC 10-307] analyzing entity BM_I
INFO: [VRFC 10-163] Analyzing VHDL file "/home/ouahi/Syst_Info/Syst_Info.srcs/sources_1/new/Processeur.vhd" into library xil_defaultlib
INFO: [VRFC 10-307] analyzing entity Processeur
INFO: [VRFC 10-163] Analyzing VHDL file "/home/ouahi/Syst_Info/Syst_Info.srcs/sources_1/new/Processeur.vhd" into library xil_defaultlib
INFO: [VRFC 10-307] analyzing entity Processeur
INFO: [VRFC 10-163] Analyzing VHDL file "/home/ouahi/Syst_Info/Syst_Info.srcs/sources_1/new/Processeur.vhd" into library xil_defaultlib
INFO: [VRFC 10-307] analyzing entity Processeur
ERROR: [VRFC 10-985] literal 10000000000 exceeds maximum integer value [/home/ouahi/Syst_Info/Syst_Info.srcs/sources_1/new/Processeur.vhd:136]
ERROR: [VRFC 10-1504] unit behavioral ignored due to previous errors [/home/ouahi/Syst_Info/Syst_Info.srcs/sources_1/new/Processeur.vhd:38]
INFO: [VRFC 10-240] VHDL file /home/ouahi/Syst_Info/Syst_Info.srcs/sources_1/new/Processeur.vhd ignored due to errors
INFO: [VRFC 10-163] Analyzing VHDL file "/home/ouahi/Syst_Info/Syst_Info.srcs/sources_1/new/Processeur.vhd" into library xil_defaultlib
INFO: [VRFC 10-307] analyzing entity Processeur
INFO: [VRFC 10-163] Analyzing VHDL file "/home/ouahi/Syst_Info/Syst_Info.srcs/sources_1/new/Processeur.vhd" into library xil_defaultlib
INFO: [VRFC 10-307] analyzing entity Processeur
INFO: [VRFC 10-163] Analyzing VHDL file "/home/ouahi/Syst_Info/Syst_Info.srcs/sources_1/new/Processeur.vhd" into library xil_defaultlib
INFO: [VRFC 10-307] analyzing entity Processeur
INFO: [VRFC 10-163] Analyzing VHDL file "/home/ouahi/Syst_Info/Syst_Info.srcs/sources_1/new/Processeur.vhd" into library xil_defaultlib
INFO: [VRFC 10-307] analyzing entity Processeur
INFO: [VRFC 10-163] Analyzing VHDL file "/home/ouahi/Syst_Info/Syst_Info.srcs/sources_1/new/Processeur.vhd" into library xil_defaultlib
INFO: [VRFC 10-307] analyzing entity Processeur
INFO: [VRFC 10-163] Analyzing VHDL file "/home/ouahi/Syst_Info/Syst_Info.srcs/sources_1/new/Processeur.vhd" into library xil_defaultlib
INFO: [VRFC 10-307] analyzing entity Processeur
INFO: [VRFC 10-163] Analyzing VHDL file "/home/ouahi/Syst_Info/Syst_Info.srcs/sources_1/new/Processeur.vhd" into library xil_defaultlib
INFO: [VRFC 10-307] analyzing entity Processeur
INFO: [VRFC 10-163] Analyzing VHDL file "/home/ouahi/Syst_Info/Syst_Info.srcs/sources_1/new/Processeur.vhd" into library xil_defaultlib
INFO: [VRFC 10-307] analyzing entity Processeur
INFO: [VRFC 10-163] Analyzing VHDL file "/home/ouahi/Syst_Info/Syst_Info.srcs/sources_1/new/BM_D.vhd" into library xil_defaultlib
INFO: [VRFC 10-307] analyzing entity BM_D
INFO: [VRFC 10-163] Analyzing VHDL file "/home/ouahi/Syst_Info/Syst_Info.srcs/sources_1/new/Processeur.vhd" into library xil_defaultlib
INFO: [VRFC 10-307] analyzing entity Processeur
INFO: [VRFC 10-163] Analyzing VHDL file "/home/ouahi/Syst_Info/Syst_Info.srcs/sources_1/new/BM_D.vhd" into library xil_defaultlib
INFO: [VRFC 10-307] analyzing entity BM_D
INFO: [VRFC 10-163] Analyzing VHDL file "/home/ouahi/Syst_Info/Syst_Info.srcs/sources_1/new/Processeur.vhd" into library xil_defaultlib
INFO: [VRFC 10-307] analyzing entity Processeur
INFO: [VRFC 10-163] Analyzing VHDL file "/home/ouahi/Syst_Info/Syst_Info.srcs/sources_1/new/BM_I.vhd" into library xil_defaultlib
INFO: [VRFC 10-307] analyzing entity BM_I
INFO: [VRFC 10-163] Analyzing VHDL file "/home/ouahi/Syst_Info/Syst_Info.srcs/sources_1/new/BM_I.vhd" into library xil_defaultlib
INFO: [VRFC 10-307] analyzing entity BM_I
INFO: [VRFC 10-163] Analyzing VHDL file "/home/ouahi/Syst_Info/Syst_Info.srcs/sources_1/new/alu.vhd" into library xil_defaultlib
INFO: [VRFC 10-307] analyzing entity alu
INFO: [VRFC 10-163] Analyzing VHDL file "/home/ouahi/Syst_Info/Syst_Info.srcs/sources_1/new/Processeur.vhd" into library xil_defaultlib
INFO: [VRFC 10-307] analyzing entity Processeur
INFO: [VRFC 10-163] Analyzing VHDL file "/home/ouahi/Syst_Info/Syst_Info.srcs/sources_1/new/Processeur.vhd" into library xil_defaultlib
INFO: [VRFC 10-307] analyzing entity Processeur
INFO: [VRFC 10-163] Analyzing VHDL file "/home/ouahi/Syst_Info/Syst_Info.srcs/sources_1/new/BM_I.vhd" into library xil_defaultlib
INFO: [VRFC 10-307] analyzing entity BM_I
INFO: [VRFC 10-163] Analyzing VHDL file "/home/ouahi/Syst_Info/Syst_Info.srcs/sources_1/new/Processeur.vhd" into library xil_defaultlib
INFO: [VRFC 10-307] analyzing entity Processeur
INFO: [VRFC 10-163] Analyzing VHDL file "/home/ouahi/Syst_Info/Syst_Info.srcs/sources_1/new/BM_I.vhd" into library xil_defaultlib
INFO: [VRFC 10-307] analyzing entity BM_I
INFO: [VRFC 10-163] Analyzing VHDL file "/home/ouahi/Syst_Info/Syst_Info.srcs/sources_1/new/Processeur.vhd" into library xil_defaultlib
INFO: [VRFC 10-307] analyzing entity Processeur
INFO: [VRFC 10-163] Analyzing VHDL file "/home/ouahi/Syst_Info/Syst_Info.srcs/sources_1/new/Processeur.vhd" into library xil_defaultlib
INFO: [VRFC 10-307] analyzing entity Processeur
INFO: [VRFC 10-163] Analyzing VHDL file "/home/ouahi/Syst_Info/Syst_Info.srcs/sources_1/new/Processeur.vhd" into library xil_defaultlib
INFO: [VRFC 10-307] analyzing entity Processeur
INFO: [VRFC 10-163] Analyzing VHDL file "/home/ouahi/Syst_Info/Syst_Info.srcs/sources_1/new/Processeur.vhd" into library xil_defaultlib
INFO: [VRFC 10-307] analyzing entity Processeur
INFO: [VRFC 10-163] Analyzing VHDL file "/home/ouahi/Syst_Info/Syst_Info.srcs/sources_1/new/Processeur.vhd" into library xil_defaultlib
INFO: [VRFC 10-307] analyzing entity Processeur
INFO: [VRFC 10-163] Analyzing VHDL file "/home/ouahi/Syst_Info/Syst_Info.srcs/sources_1/new/Processeur.vhd" into library xil_defaultlib
INFO: [VRFC 10-307] analyzing entity Processeur
INFO: [VRFC 10-163] Analyzing VHDL file "/home/ouahi/Syst_Info/Syst_Info.srcs/sources_1/new/Processeur.vhd" into library xil_defaultlib
INFO: [VRFC 10-307] analyzing entity Processeur
INFO: [VRFC 10-163] Analyzing VHDL file "/home/ouahi/Syst_Info/Syst_Info.srcs/sources_1/new/Processeur.vhd" into library xil_defaultlib
INFO: [VRFC 10-307] analyzing entity Processeur
INFO: [VRFC 10-163] Analyzing VHDL file "/home/ouahi/Syst_Info/Syst_Info.srcs/sources_1/new/Processeur.vhd" into library xil_defaultlib
INFO: [VRFC 10-307] analyzing entity Processeur
INFO: [VRFC 10-163] Analyzing VHDL file "/home/ouahi/Syst_Info/Syst_Info.srcs/sources_1/new/Processeur.vhd" into library xil_defaultlib
INFO: [VRFC 10-307] analyzing entity Processeur
INFO: [VRFC 10-163] Analyzing VHDL file "/home/ouahi/Syst_Info/Syst_Info.srcs/sources_1/new/Processeur.vhd" into library xil_defaultlib
INFO: [VRFC 10-307] analyzing entity Processeur
INFO: [VRFC 10-163] Analyzing VHDL file "/home/ouahi/Syst_Info/Syst_Info.srcs/sources_1/new/Processeur.vhd" into library xil_defaultlib
INFO: [VRFC 10-307] analyzing entity Processeur
INFO: [VRFC 10-163] Analyzing VHDL file "/home/ouahi/Syst_Info/Syst_Info.srcs/sources_1/new/Processeur.vhd" into library xil_defaultlib
INFO: [VRFC 10-307] analyzing entity Processeur
INFO: [VRFC 10-163] Analyzing VHDL file "/home/ouahi/Syst_Info/Syst_Info.srcs/sources_1/new/Processeur.vhd" into library xil_defaultlib
INFO: [VRFC 10-307] analyzing entity Processeur
INFO: [VRFC 10-163] Analyzing VHDL file "/home/ouahi/Syst_Info/Syst_Info.srcs/sources_1/new/Processeur.vhd" into library xil_defaultlib
INFO: [VRFC 10-307] analyzing entity Processeur
INFO: [VRFC 10-163] Analyzing VHDL file "/home/ouahi/Syst_Info/Syst_Info.srcs/sources_1/new/Processeur.vhd" into library xil_defaultlib
INFO: [VRFC 10-307] analyzing entity Processeur
INFO: [VRFC 10-163] Analyzing VHDL file "/home/ouahi/Syst_Info/Syst_Info.srcs/sources_1/new/Processeur.vhd" into library xil_defaultlib
INFO: [VRFC 10-307] analyzing entity Processeur
INFO: [VRFC 10-163] Analyzing VHDL file "/home/ouahi/Syst_Info/Syst_Info.srcs/sources_1/new/Processeur.vhd" into library xil_defaultlib
INFO: [VRFC 10-307] analyzing entity Processeur
INFO: [VRFC 10-163] Analyzing VHDL file "/home/ouahi/Syst_Info/Syst_Info.srcs/sources_1/new/Processeur.vhd" into library xil_defaultlib
INFO: [VRFC 10-307] analyzing entity Processeur
INFO: [VRFC 10-163] Analyzing VHDL file "/home/ouahi/Syst_Info/Syst_Info.srcs/sources_1/new/Processeur.vhd" into library xil_defaultlib
INFO: [VRFC 10-307] analyzing entity Processeur
INFO: [VRFC 10-163] Analyzing VHDL file "/home/ouahi/Syst_Info/Syst_Info.srcs/sources_1/new/alu.vhd" into library xil_defaultlib
INFO: [VRFC 10-307] analyzing entity alu
INFO: [VRFC 10-163] Analyzing VHDL file "/home/ouahi/Syst_Info/Syst_Info.srcs/sources_1/new/alu.vhd" into library xil_defaultlib
INFO: [VRFC 10-307] analyzing entity alu
INFO: [VRFC 10-163] Analyzing VHDL file "/home/ouahi/Syst_Info/Syst_Info.srcs/sources_1/new/Processeur.vhd" into library xil_defaultlib
INFO: [VRFC 10-307] analyzing entity Processeur
INFO: [VRFC 10-163] Analyzing VHDL file "/home/ouahi/Syst_Info/Syst_Info.srcs/sources_1/new/Processeur.vhd" into library xil_defaultlib
INFO: [VRFC 10-307] analyzing entity Processeur
INFO: [VRFC 10-163] Analyzing VHDL file "/home/ouahi/Syst_Info/Syst_Info.srcs/sources_1/new/Processeur.vhd" into library xil_defaultlib
INFO: [VRFC 10-307] analyzing entity Processeur
INFO: [VRFC 10-163] Analyzing VHDL file "/home/ouahi/Syst_Info/Syst_Info.srcs/sources_1/new/Processeur.vhd" into library xil_defaultlib
INFO: [VRFC 10-307] analyzing entity Processeur
INFO: [VRFC 10-163] Analyzing VHDL file "/home/ouahi/Syst_Info/Syst_Info.srcs/sources_1/new/GEST_ALEA.vhd" into library xil_defaultlib
INFO: [VRFC 10-307] analyzing entity GEST_ALEA
INFO: [VRFC 10-163] Analyzing VHDL file "/home/ouahi/Syst_Info/Syst_Info.srcs/sources_1/new/Processeur.vhd" into library xil_defaultlib
INFO: [VRFC 10-307] analyzing entity Processeur
ERROR: [VRFC 10-1471] type error near clock_period ; current type time; expected type std_logic [/home/ouahi/Syst_Info/Syst_Info.srcs/sources_1/new/Processeur.vhd:210]
ERROR: [VRFC 10-1504] unit behavioral ignored due to previous errors [/home/ouahi/Syst_Info/Syst_Info.srcs/sources_1/new/Processeur.vhd:38]
INFO: [VRFC 10-240] VHDL file /home/ouahi/Syst_Info/Syst_Info.srcs/sources_1/new/Processeur.vhd ignored due to errors
INFO: [VRFC 10-163] Analyzing VHDL file "/home/ouahi/Syst_Info/Syst_Info.srcs/sources_1/new/GEST_ALEA.vhd" into library xil_defaultlib
INFO: [VRFC 10-307] analyzing entity GEST_ALEA
INFO: [VRFC 10-163] Analyzing VHDL file "/home/ouahi/Syst_Info/Syst_Info.srcs/sources_1/new/Processeur.vhd" into library xil_defaultlib
INFO: [VRFC 10-307] analyzing entity Processeur
INFO: [VRFC 10-163] Analyzing VHDL file "/home/ouahi/Syst_Info/Syst_Info.srcs/sources_1/new/GEST_ALEA.vhd" into library xil_defaultlib
INFO: [VRFC 10-307] analyzing entity GEST_ALEA
INFO: [VRFC 10-163] Analyzing VHDL file "/home/ouahi/Syst_Info/Syst_Info.srcs/sources_1/new/Processeur.vhd" into library xil_defaultlib
INFO: [VRFC 10-307] analyzing entity Processeur
INFO: [VRFC 10-163] Analyzing VHDL file "/home/ouahi/Syst_Info/Syst_Info.srcs/sources_1/new/GEST_ALEA.vhd" into library xil_defaultlib
INFO: [VRFC 10-307] analyzing entity GEST_ALEA
INFO: [VRFC 10-163] Analyzing VHDL file "/home/ouahi/Syst_Info/Syst_Info.srcs/sources_1/new/GEST_ALEA.vhd" into library xil_defaultlib
INFO: [VRFC 10-307] analyzing entity GEST_ALEA
INFO: [VRFC 10-163] Analyzing VHDL file "/home/ouahi/Syst_Info/Syst_Info.srcs/sources_1/new/GEST_ALEA.vhd" into library xil_defaultlib
INFO: [VRFC 10-307] analyzing entity GEST_ALEA
INFO: [VRFC 10-163] Analyzing VHDL file "/home/ouahi/Syst_Info/Syst_Info.srcs/sources_1/new/GEST_ALEA.vhd" into library xil_defaultlib
INFO: [VRFC 10-307] analyzing entity GEST_ALEA
INFO: [VRFC 10-163] Analyzing VHDL file "/home/ouahi/Syst_Info/Syst_Info.srcs/sources_1/new/Processeur.vhd" into library xil_defaultlib
INFO: [VRFC 10-307] analyzing entity Processeur
INFO: [VRFC 10-163] Analyzing VHDL file "/home/ouahi/Syst_Info/Syst_Info.srcs/sources_1/new/GEST_ALEA.vhd" into library xil_defaultlib
INFO: [VRFC 10-307] analyzing entity GEST_ALEA
INFO: [VRFC 10-163] Analyzing VHDL file "/home/ouahi/Syst_Info/Syst_Info.srcs/sources_1/new/GEST_ALEA.vhd" into library xil_defaultlib
INFO: [VRFC 10-307] analyzing entity GEST_ALEA
INFO: [VRFC 10-163] Analyzing VHDL file "/home/ouahi/Syst_Info/Syst_Info.srcs/sources_1/new/Processeur.vhd" into library xil_defaultlib
INFO: [VRFC 10-307] analyzing entity Processeur
INFO: [VRFC 10-163] Analyzing VHDL file "/home/ouahi/Syst_Info/Syst_Info.srcs/sources_1/new/Processeur.vhd" into library xil_defaultlib
INFO: [VRFC 10-307] analyzing entity Processeur
INFO: [VRFC 10-163] Analyzing VHDL file "/home/ouahi/Syst_Info/Syst_Info.srcs/sources_1/new/GEST_ALEA.vhd" into library xil_defaultlib
INFO: [VRFC 10-307] analyzing entity GEST_ALEA
INFO: [VRFC 10-163] Analyzing VHDL file "/home/ouahi/Syst_Info/Syst_Info.srcs/sources_1/new/Processeur.vhd" into library xil_defaultlib
INFO: [VRFC 10-307] analyzing entity Processeur
INFO: [VRFC 10-163] Analyzing VHDL file "/home/ouahi/Syst_Info/Syst_Info.srcs/sources_1/new/GEST_ALEA.vhd" into library xil_defaultlib
INFO: [VRFC 10-307] analyzing entity GEST_ALEA
INFO: [VRFC 10-163] Analyzing VHDL file "/home/ouahi/Syst_Info/Syst_Info.srcs/sources_1/new/Processeur.vhd" into library xil_defaultlib
INFO: [VRFC 10-307] analyzing entity Processeur
INFO: [VRFC 10-163] Analyzing VHDL file "/home/ouahi/Syst_Info/Syst_Info.srcs/sources_1/new/GEST_ALEA.vhd" into library xil_defaultlib
INFO: [VRFC 10-307] analyzing entity GEST_ALEA
INFO: [VRFC 10-163] Analyzing VHDL file "/home/ouahi/Syst_Info/Syst_Info.srcs/sources_1/new/GEST_ALEA.vhd" into library xil_defaultlib
INFO: [VRFC 10-307] analyzing entity GEST_ALEA
INFO: [VRFC 10-163] Analyzing VHDL file "/home/ouahi/Syst_Info/Syst_Info.srcs/sources_1/new/GEST_ALEA.vhd" into library xil_defaultlib
INFO: [VRFC 10-307] analyzing entity GEST_ALEA
INFO: [VRFC 10-163] Analyzing VHDL file "/home/ouahi/Syst_Info/Syst_Info.srcs/sources_1/new/Processeur.vhd" into library xil_defaultlib
INFO: [VRFC 10-307] analyzing entity Processeur
INFO: [VRFC 10-163] Analyzing VHDL file "/home/ouahi/Syst_Info/Syst_Info.srcs/sources_1/new/GEST_ALEA.vhd" into library xil_defaultlib
INFO: [VRFC 10-307] analyzing entity GEST_ALEA
INFO: [VRFC 10-163] Analyzing VHDL file "/home/ouahi/Syst_Info/Syst_Info.srcs/sources_1/new/GEST_ALEA.vhd" into library xil_defaultlib
INFO: [VRFC 10-307] analyzing entity GEST_ALEA
INFO: [VRFC 10-163] Analyzing VHDL file "/home/ouahi/Syst_Info/Syst_Info.srcs/sources_1/new/GEST_ALEA.vhd" into library xil_defaultlib
INFO: [VRFC 10-307] analyzing entity GEST_ALEA
INFO: [VRFC 10-163] Analyzing VHDL file "/home/ouahi/Syst_Info/Syst_Info.srcs/sources_1/new/GEST_ALEA.vhd" into library xil_defaultlib
INFO: [VRFC 10-307] analyzing entity GEST_ALEA
INFO: [VRFC 10-163] Analyzing VHDL file "/home/ouahi/Syst_Info/Syst_Info.srcs/sources_1/new/Processeur.vhd" into library xil_defaultlib
INFO: [VRFC 10-307] analyzing entity Processeur
INFO: [VRFC 10-163] Analyzing VHDL file "/home/ouahi/Syst_Info/Syst_Info.srcs/sources_1/new/GEST_ALEA.vhd" into library xil_defaultlib
INFO: [VRFC 10-307] analyzing entity GEST_ALEA
INFO: [VRFC 10-163] Analyzing VHDL file "/home/ouahi/Syst_Info/Syst_Info.srcs/sources_1/new/Processeur.vhd" into library xil_defaultlib
INFO: [VRFC 10-307] analyzing entity Processeur
INFO: [VRFC 10-163] Analyzing VHDL file "/home/ouahi/Syst_Info/Syst_Info.srcs/sources_1/new/GEST_ALEA.vhd" into library xil_defaultlib
INFO: [VRFC 10-307] analyzing entity GEST_ALEA
INFO: [VRFC 10-163] Analyzing VHDL file "/home/ouahi/Syst_Info/Syst_Info.srcs/sources_1/new/Processeur.vhd" into library xil_defaultlib
INFO: [VRFC 10-307] analyzing entity Processeur
INFO: [VRFC 10-163] Analyzing VHDL file "/home/ouahi/Syst_Info/Syst_Info.srcs/sources_1/new/GEST_ALEA.vhd" into library xil_defaultlib
INFO: [VRFC 10-307] analyzing entity GEST_ALEA
INFO: [VRFC 10-163] Analyzing VHDL file "/home/ouahi/Syst_Info/Syst_Info.srcs/sources_1/new/Processeur.vhd" into library xil_defaultlib
INFO: [VRFC 10-307] analyzing entity Processeur
INFO: [VRFC 10-163] Analyzing VHDL file "/home/ouahi/Syst_Info/Syst_Info.srcs/sources_1/new/GEST_ALEA.vhd" into library xil_defaultlib
INFO: [VRFC 10-307] analyzing entity GEST_ALEA
INFO: [VRFC 10-163] Analyzing VHDL file "/home/ouahi/Syst_Info/Syst_Info.srcs/sources_1/new/alu.vhd" into library xil_defaultlib
INFO: [VRFC 10-307] analyzing entity alu
INFO: [VRFC 10-163] Analyzing VHDL file "/home/ouahi/Syst_Info/Syst_Info.srcs/sources_1/new/GEST_ALEA.vhd" into library xil_defaultlib
INFO: [VRFC 10-307] analyzing entity GEST_ALEA
INFO: [VRFC 10-163] Analyzing VHDL file "/home/ouahi/Syst_Info/Syst_Info.srcs/sources_1/new/BM_I.vhd" into library xil_defaultlib
INFO: [VRFC 10-307] analyzing entity BM_I
INFO: [VRFC 10-163] Analyzing VHDL file "/home/ouahi/Syst_Info/Syst_Info.srcs/sources_1/new/GEST_ALEA.vhd" into library xil_defaultlib
INFO: [VRFC 10-307] analyzing entity GEST_ALEA
INFO: [VRFC 10-163] Analyzing VHDL file "/home/ouahi/Syst_Info/Syst_Info.srcs/sources_1/new/Processeur.vhd" into library xil_defaultlib
INFO: [VRFC 10-307] analyzing entity Processeur
INFO: [VRFC 10-163] Analyzing VHDL file "/home/ouahi/Syst_Info/Syst_Info.srcs/sources_1/new/BM_I.vhd" into library xil_defaultlib
INFO: [VRFC 10-307] analyzing entity BM_I
INFO: [VRFC 10-163] Analyzing VHDL file "/home/ouahi/Syst_Info/Syst_Info.srcs/sources_1/new/Processeur.vhd" into library xil_defaultlib
INFO: [VRFC 10-307] analyzing entity Processeur
INFO: [VRFC 10-163] Analyzing VHDL file "/home/ouahi/Syst_Info/Syst_Info.srcs/sources_1/new/GEST_ALEA.vhd" into library xil_defaultlib
INFO: [VRFC 10-307] analyzing entity GEST_ALEA
INFO: [VRFC 10-163] Analyzing VHDL file "/home/ouahi/Syst_Info/Syst_Info.srcs/sources_1/new/GEST_ALEA.vhd" into library xil_defaultlib
INFO: [VRFC 10-307] analyzing entity GEST_ALEA
INFO: [VRFC 10-163] Analyzing VHDL file "/home/ouahi/Syst_Info/Syst_Info.srcs/sources_1/new/GEST_ALEA.vhd" into library xil_defaultlib
INFO: [VRFC 10-307] analyzing entity GEST_ALEA
INFO: [VRFC 10-163] Analyzing VHDL file "/home/ouahi/Syst_Info/Syst_Info.srcs/sources_1/new/Processeur.vhd" into library xil_defaultlib
INFO: [VRFC 10-307] analyzing entity Processeur
INFO: [VRFC 10-163] Analyzing VHDL file "/home/ouahi/Syst_Info/Syst_Info.srcs/sources_1/new/GEST_ALEA.vhd" into library xil_defaultlib
INFO: [VRFC 10-307] analyzing entity GEST_ALEA
INFO: [VRFC 10-163] Analyzing VHDL file "/home/ouahi/Syst_Info/Syst_Info.srcs/sources_1/new/Processeur.vhd" into library xil_defaultlib
INFO: [VRFC 10-307] analyzing entity Processeur
INFO: [VRFC 10-163] Analyzing VHDL file "/home/ouahi/Syst_Info/Syst_Info.srcs/sources_1/new/Processeur.vhd" into library xil_defaultlib
INFO: [VRFC 10-307] analyzing entity Processeur
INFO: [VRFC 10-163] Analyzing VHDL file "/home/ouahi/Syst_Info/Syst_Info.srcs/sources_1/new/Processeur.vhd" into library xil_defaultlib
INFO: [VRFC 10-307] analyzing entity Processeur
INFO: [VRFC 10-163] Analyzing VHDL file "/home/ouahi/Syst_Info/Syst_Info.srcs/sources_1/new/Processeur.vhd" into library xil_defaultlib
INFO: [VRFC 10-307] analyzing entity Processeur
INFO: [VRFC 10-163] Analyzing VHDL file "/home/ouahi/Syst_Info/Syst_Info.srcs/sources_1/new/Processeur.vhd" into library xil_defaultlib
INFO: [VRFC 10-307] analyzing entity Processeur
INFO: [VRFC 10-163] Analyzing VHDL file "/home/ouahi/Syst_Info/Syst_Info.srcs/sources_1/new/Processeur.vhd" into library xil_defaultlib
INFO: [VRFC 10-307] analyzing entity Processeur
INFO: [VRFC 10-163] Analyzing VHDL file "/home/ouahi/Syst_Info/Syst_Info.srcs/sources_1/new/Processeur.vhd" into library xil_defaultlib
INFO: [VRFC 10-307] analyzing entity Processeur
INFO: [VRFC 10-163] Analyzing VHDL file "/home/ouahi/Syst_Info/Syst_Info.srcs/sources_1/new/Processeur.vhd" into library xil_defaultlib
INFO: [VRFC 10-307] analyzing entity Processeur
INFO: [VRFC 10-163] Analyzing VHDL file "/home/ouahi/Syst_Info/Syst_Info.srcs/sources_1/new/Processeur.vhd" into library xil_defaultlib
INFO: [VRFC 10-307] analyzing entity Processeur
INFO: [VRFC 10-163] Analyzing VHDL file "/home/ouahi/Syst_Info/Syst_Info.srcs/sources_1/new/GEST_ALEA.vhd" into library xil_defaultlib
INFO: [VRFC 10-307] analyzing entity GEST_ALEA
INFO: [VRFC 10-163] Analyzing VHDL file "/home/ouahi/Syst_Info/Syst_Info.srcs/sources_1/new/Processeur.vhd" into library xil_defaultlib
INFO: [VRFC 10-307] analyzing entity Processeur
INFO: [VRFC 10-163] Analyzing VHDL file "/home/ouahi/Syst_Info/Syst_Info.srcs/sources_1/new/GEST_ALEA.vhd" into library xil_defaultlib
INFO: [VRFC 10-307] analyzing entity GEST_ALEA
INFO: [VRFC 10-163] Analyzing VHDL file "/home/ouahi/Syst_Info/Syst_Info.srcs/sources_1/new/GEST_ALEA.vhd" into library xil_defaultlib
INFO: [VRFC 10-307] analyzing entity GEST_ALEA
INFO: [VRFC 10-163] Analyzing VHDL file "/home/ouahi/Syst_Info/Syst_Info.srcs/sources_1/new/Processeur.vhd" into library xil_defaultlib
INFO: [VRFC 10-307] analyzing entity Processeur
INFO: [VRFC 10-163] Analyzing VHDL file "/home/ouahi/Syst_Info/Syst_Info.srcs/sources_1/new/Processeur.vhd" into library xil_defaultlib
INFO: [VRFC 10-307] analyzing entity Processeur
INFO: [VRFC 10-163] Analyzing VHDL file "/home/ouahi/Syst_Info/Syst_Info.srcs/sources_1/new/Processeur.vhd" into library xil_defaultlib
INFO: [VRFC 10-307] analyzing entity Processeur
INFO: [VRFC 10-163] Analyzing VHDL file "/home/ouahi/Syst_Info/Syst_Info.srcs/sources_1/new/Processeur.vhd" into library xil_defaultlib
INFO: [VRFC 10-307] analyzing entity Processeur
INFO: [VRFC 10-163] Analyzing VHDL file "/home/ouahi/Syst_Info/Syst_Info.srcs/sources_1/new/Processeur.vhd" into library xil_defaultlib
INFO: [VRFC 10-307] analyzing entity Processeur
INFO: [VRFC 10-163] Analyzing VHDL file "/home/ouahi/Syst_Info/Syst_Info.srcs/sources_1/new/Processeur.vhd" into library xil_defaultlib
INFO: [VRFC 10-307] analyzing entity Processeur
INFO: [VRFC 10-163] Analyzing VHDL file "/home/ouahi/Syst_Info/Syst_Info.srcs/sources_1/new/Processeur.vhd" into library xil_defaultlib
INFO: [VRFC 10-307] analyzing entity Processeur
INFO: [VRFC 10-163] Analyzing VHDL file "/home/ouahi/Syst_Info/Syst_Info.srcs/sources_1/new/Processeur.vhd" into library xil_defaultlib
INFO: [VRFC 10-307] analyzing entity Processeur
INFO: [VRFC 10-163] Analyzing VHDL file "/home/ouahi/Syst_Info/Syst_Info.srcs/sources_1/new/Processeur.vhd" into library xil_defaultlib
INFO: [VRFC 10-307] analyzing entity Processeur
INFO: [VRFC 10-163] Analyzing VHDL file "/home/ouahi/Syst_Info/Syst_Info.srcs/sources_1/new/Processeur.vhd" into library xil_defaultlib
INFO: [VRFC 10-307] analyzing entity Processeur
INFO: [VRFC 10-163] Analyzing VHDL file "/home/ouahi/Syst_Info/Syst_Info.srcs/sources_1/new/Processeur.vhd" into library xil_defaultlib
INFO: [VRFC 10-307] analyzing entity Processeur
