Vivado Simulator 2018.2
Copyright 1986-1999, 2001-2018 Xilinx, Inc. All Rights Reserved.
Running: /usr/local/insa/Xilinx.VIVADO/Vivado/2018.2/bin/unwrapped/lnx64.o/xelab -wto 715bf275dd7444d4af65b8db6e7764b7 --incr --debug typical --relax --mt 8 -L xil_defaultlib -L secureip --snapshot Processeur_behav xil_defaultlib.Processeur -log elaborate.log 
Using 8 slave threads.
Starting static elaboration
Completed static elaboration
Starting simulation data flow analysis
Completed simulation data flow analysis
Time Resolution for simulation is 1ps
Compiling package std.standard
Compiling package std.textio
Compiling package ieee.std_logic_1164
Compiling package ieee.std_logic_arith
Compiling package ieee.std_logic_unsigned
Compiling package ieee.numeric_std
Compiling architecture behavioral of entity xil_defaultlib.BM_I [bm_i_default]
Compiling architecture behavioral of entity xil_defaultlib.BR [br_default]
Compiling architecture behavioral of entity xil_defaultlib.alu [alu_default]
Compiling architecture behavioral of entity xil_defaultlib.BM_D [bm_d_default]
Compiling architecture behavioral of entity xil_defaultlib.GEST_ALEA [gest_alea_default]
Compiling architecture behavioral of entity xil_defaultlib.processeur
Built simulation snapshot Processeur_behav
